2025-02-28 08:34:20,415 - INFO - Starting USASpending transaction processing
2025-02-28 08:34:20,464 - ERROR - Failed to load configuration: Error loading configuration: Invalid configuration: validate_entity_config() missing 1 required positional argument: 'config'
2025-02-28 08:44:35,473 - INFO - Starting USASpending transaction processing
2025-02-28 08:44:35,519 - ERROR - Failed to load configuration: Error loading configuration: Invalid configuration: validate_entity_config() missing 1 required positional argument: 'config'
2025-02-28 08:48:55,064 - INFO - Starting USASpending transaction processing
2025-02-28 08:48:55,102 - ERROR - Failed to load configuration: Error loading configuration: Invalid configuration: validate_entity_config() missing 1 required positional argument: 'config'
2025-02-28 09:02:14,211 - INFO - Starting USASpending transaction processing
2025-02-28 09:02:14,253 - ERROR - Failed to load configuration: Error loading configuration: Invalid configuration: Key fields missing from field_mappings: contract_transaction_unique_key
2025-02-28 09:08:34,856 - INFO - Starting USASpending transaction processing
2025-02-28 09:08:34,903 - ERROR - Failed to load configuration: Error loading configuration: Invalid configuration: Key fields missing from field_mappings: contract_transaction_unique_key
2025-02-28 09:08:58,183 - INFO - Starting USASpending transaction processing
2025-02-28 09:08:58,226 - ERROR - Failed to load configuration: Error loading configuration: Invalid configuration: Key fields missing from field_mappings: contract_transaction_unique_key
2025-02-28 09:14:50,174 - INFO - Starting USASpending transaction processing
2025-02-28 09:14:50,216 - ERROR - Failed to load configuration: Error loading configuration: Invalid configuration: Key fields missing from field_mappings: contract_transaction_unique_key
2025-02-28 09:29:32,243 - INFO - Starting USASpending transaction processing
2025-02-28 09:29:32,282 - ERROR - Failed to load configuration: Error loading configuration: Invalid configuration: Key fields missing from field_mappings: contract_award_unique_key, award_id_piid
2025-02-28 09:35:33,530 - INFO - Starting USASpending transaction processing
2025-02-28 09:35:33,576 - ERROR - Failed to load configuration: Error loading configuration: Invalid configuration: Key field 'agency_code' missing from field_mappings and not referenced as a source
2025-02-28 09:36:22,787 - INFO - Starting USASpending transaction processing
2025-02-28 09:36:22,825 - ERROR - Failed to load configuration: Error loading configuration: Invalid configuration: Key field 'agency_code' missing from field_mappings and not referenced as a source
2025-02-28 09:36:36,282 - INFO - Starting USASpending transaction processing
2025-02-28 09:36:36,325 - ERROR - Failed to load configuration: Error loading configuration: Invalid configuration: Key field 'agency_code' missing from field_mappings and not referenced as a source
2025-02-28 09:41:33,821 - INFO - Starting USASpending transaction processing
2025-02-28 09:41:33,862 - ERROR - Failed to load configuration: Error loading configuration: Invalid configuration: Key field 'agency_code' missing from field_mappings and not referenced as a source
2025-02-28 09:44:22,448 - INFO - Starting USASpending transaction processing
2025-02-28 09:44:22,486 - ERROR - Failed to load configuration: Error loading configuration: Invalid configuration: Key field 'agency_code' missing from field_mappings and not referenced as a source
2025-02-28 21:16:13,440 - INFO - Starting USASpending transaction processing
2025-02-28 21:16:13,456 - ERROR - Failed to load configuration: Error parsing YAML configuration: while scanning an alias
  in "conversion_config.yaml", line 271, column 13
expected alphabetic or numeric character, but found '*'
  in "conversion_config.yaml", line 271, column 22
2025-02-28 21:18:09,500 - INFO - Starting USASpending transaction processing
2025-02-28 21:18:09,513 - ERROR - Failed to load configuration: Error parsing YAML configuration: while scanning an alias
  in "conversion_config.yaml", line 271, column 13
expected alphabetic or numeric character, but found '*'
  in "conversion_config.yaml", line 271, column 22
2025-02-28 21:19:38,438 - INFO - Starting USASpending transaction processing
2025-02-28 21:19:38,467 - ERROR - Failed to load configuration: Error loading configuration: 'encoding'
2025-02-28 21:23:51,765 - INFO - Starting USASpending transaction processing
2025-02-28 21:23:51,794 - ERROR - Failed to load configuration: Error loading configuration: 'encoding'
2025-02-28 21:26:21,056 - INFO - Starting USASpending transaction processing
2025-02-28 21:26:21,086 - ERROR - Failed to load configuration: Error loading configuration: Invalid configuration: Missing required section 'contracts'
